/Users/song/Projects/check_chat_system/SmartCS_Desktop/smart-cs-pro/core_engine/engine.py:146: DeprecationWarning: 
        on_event is deprecated, use lifespan event handlers instead.

        Read more about it in the
        [FastAPI docs for Lifespan Events](https://fastapi.tiangolo.com/advanced/events/).
        
  @app.on_event("startup")
INFO:     Started server process [48306]
INFO:     Waiting for application startup.
INFO:     Application startup complete.
INFO:     Uvicorn running on http://0.0.0.0:8000 (Press CTRL+C to quit)
[33mConnectivity check to the model hoster has been skipped because `PADDLE_PDX_DISABLE_MODEL_SOURCE_CHECK` is enabled.[0m
/Users/song/Projects/check_chat_system/SmartCS_Desktop/smart-cs-pro/core_engine/engine.py:254: DeprecationWarning: The parameter `use_angle_cls` has been deprecated and will be removed in the future. Please use `use_textline_orientation` instead.
  self.ocr = PaddleOCR(use_angle_cls=True, lang="ch", show_log=False)
🚀 [macOS 兼容版] Smart-CS Pro 引擎已就绪: 0.0.0.0:8000
INFO:     127.0.0.1:51527 - "HEAD /api/health HTTP/1.1" 405 Method Not Allowed
/Users/song/Projects/check_chat_system/SmartCS_Desktop/smart-cs-pro/core_engine/engine.py:254: DeprecationWarning: The parameter `use_angle_cls` has been deprecated and will be removed in the future. Please use `use_textline_orientation` instead.
  self.ocr = PaddleOCR(use_angle_cls=True, lang="ch", show_log=False)
/Users/song/Projects/check_chat_system/SmartCS_Desktop/smart-cs-pro/core_engine/engine.py:254: DeprecationWarning: The parameter `use_angle_cls` has been deprecated and will be removed in the future. Please use `use_textline_orientation` instead.
  self.ocr = PaddleOCR(use_angle_cls=True, lang="ch", show_log=False)
/Users/song/Projects/check_chat_system/SmartCS_Desktop/smart-cs-pro/core_engine/engine.py:254: DeprecationWarning: The parameter `use_angle_cls` has been deprecated and will be removed in the future. Please use `use_textline_orientation` instead.
  self.ocr = PaddleOCR(use_angle_cls=True, lang="ch", show_log=False)
/Users/song/Projects/check_chat_system/SmartCS_Desktop/smart-cs-pro/core_engine/engine.py:254: DeprecationWarning: The parameter `use_angle_cls` has been deprecated and will be removed in the future. Please use `use_textline_orientation` instead.
  self.ocr = PaddleOCR(use_angle_cls=True, lang="ch", show_log=False)
INFO:     127.0.0.1:51611 - "GET /api/health HTTP/1.1" 200 OK
/Users/song/Projects/check_chat_system/SmartCS_Desktop/smart-cs-pro/core_engine/engine.py:254: DeprecationWarning: The parameter `use_angle_cls` has been deprecated and will be removed in the future. Please use `use_textline_orientation` instead.
  self.ocr = PaddleOCR(use_angle_cls=True, lang="ch", show_log=False)
INFO:     127.0.0.1:51611 - "GET /api/health HTTP/1.1" 200 OK
/Users/song/Projects/check_chat_system/SmartCS_Desktop/smart-cs-pro/core_engine/engine.py:254: DeprecationWarning: The parameter `use_angle_cls` has been deprecated and will be removed in the future. Please use `use_textline_orientation` instead.
  self.ocr = PaddleOCR(use_angle_cls=True, lang="ch", show_log=False)
/Users/song/Projects/check_chat_system/SmartCS_Desktop/smart-cs-pro/core_engine/engine.py:254: DeprecationWarning: The parameter `use_angle_cls` has been deprecated and will be removed in the future. Please use `use_textline_orientation` instead.
  self.ocr = PaddleOCR(use_angle_cls=True, lang="ch", show_log=False)
INFO:     192.168.2.184:51636 - "GET /api/health HTTP/1.1" 200 OK
INFO:     192.168.2.184:51636 - "GET /favicon.ico HTTP/1.1" 404 Not Found
/Users/song/Projects/check_chat_system/SmartCS_Desktop/smart-cs-pro/core_engine/engine.py:254: DeprecationWarning: The parameter `use_angle_cls` has been deprecated and will be removed in the future. Please use `use_textline_orientation` instead.
  self.ocr = PaddleOCR(use_angle_cls=True, lang="ch", show_log=False)
/Users/song/Projects/check_chat_system/SmartCS_Desktop/smart-cs-pro/core_engine/engine.py:254: DeprecationWarning: The parameter `use_angle_cls` has been deprecated and will be removed in the future. Please use `use_textline_orientation` instead.
  self.ocr = PaddleOCR(use_angle_cls=True, lang="ch", show_log=False)
/Users/song/Projects/check_chat_system/SmartCS_Desktop/smart-cs-pro/core_engine/engine.py:254: DeprecationWarning: The parameter `use_angle_cls` has been deprecated and will be removed in the future. Please use `use_textline_orientation` instead.
  self.ocr = PaddleOCR(use_angle_cls=True, lang="ch", show_log=False)
/Users/song/Projects/check_chat_system/SmartCS_Desktop/smart-cs-pro/core_engine/engine.py:254: DeprecationWarning: The parameter `use_angle_cls` has been deprecated and will be removed in the future. Please use `use_textline_orientation` instead.
  self.ocr = PaddleOCR(use_angle_cls=True, lang="ch", show_log=False)
/Users/song/Projects/check_chat_system/SmartCS_Desktop/smart-cs-pro/core_engine/engine.py:254: DeprecationWarning: The parameter `use_angle_cls` has been deprecated and will be removed in the future. Please use `use_textline_orientation` instead.
  self.ocr = PaddleOCR(use_angle_cls=True, lang="ch", show_log=False)
/Users/song/Projects/check_chat_system/SmartCS_Desktop/smart-cs-pro/core_engine/engine.py:254: DeprecationWarning: The parameter `use_angle_cls` has been deprecated and will be removed in the future. Please use `use_textline_orientation` instead.
  self.ocr = PaddleOCR(use_angle_cls=True, lang="ch", show_log=False)
/Users/song/Projects/check_chat_system/SmartCS_Desktop/smart-cs-pro/core_engine/engine.py:254: DeprecationWarning: The parameter `use_angle_cls` has been deprecated and will be removed in the future. Please use `use_textline_orientation` instead.
  self.ocr = PaddleOCR(use_angle_cls=True, lang="ch", show_log=False)
/Users/song/Projects/check_chat_system/SmartCS_Desktop/smart-cs-pro/core_engine/engine.py:254: DeprecationWarning: The parameter `use_angle_cls` has been deprecated and will be removed in the future. Please use `use_textline_orientation` instead.
  self.ocr = PaddleOCR(use_angle_cls=True, lang="ch", show_log=False)
INFO:     192.168.2.184:51637 - "GET /api HTTP/1.1" 404 Not Found
/Users/song/Projects/check_chat_system/SmartCS_Desktop/smart-cs-pro/core_engine/engine.py:254: DeprecationWarning: The parameter `use_angle_cls` has been deprecated and will be removed in the future. Please use `use_textline_orientation` instead.
  self.ocr = PaddleOCR(use_angle_cls=True, lang="ch", show_log=False)
/Users/song/Projects/check_chat_system/SmartCS_Desktop/smart-cs-pro/core_engine/engine.py:254: DeprecationWarning: The parameter `use_angle_cls` has been deprecated and will be removed in the future. Please use `use_textline_orientation` instead.
  self.ocr = PaddleOCR(use_angle_cls=True, lang="ch", show_log=False)
/Users/song/Projects/check_chat_system/SmartCS_Desktop/smart-cs-pro/core_engine/engine.py:254: DeprecationWarning: The parameter `use_angle_cls` has been deprecated and will be removed in the future. Please use `use_textline_orientation` instead.
  self.ocr = PaddleOCR(use_angle_cls=True, lang="ch", show_log=False)
/Users/song/Projects/check_chat_system/SmartCS_Desktop/smart-cs-pro/core_engine/engine.py:254: DeprecationWarning: The parameter `use_angle_cls` has been deprecated and will be removed in the future. Please use `use_textline_orientation` instead.
  self.ocr = PaddleOCR(use_angle_cls=True, lang="ch", show_log=False)
/Users/song/Projects/check_chat_system/SmartCS_Desktop/smart-cs-pro/core_engine/engine.py:254: DeprecationWarning: The parameter `use_angle_cls` has been deprecated and will be removed in the future. Please use `use_textline_orientation` instead.
  self.ocr = PaddleOCR(use_angle_cls=True, lang="ch", show_log=False)
/Users/song/Projects/check_chat_system/SmartCS_Desktop/smart-cs-pro/core_engine/engine.py:254: DeprecationWarning: The parameter `use_angle_cls` has been deprecated and will be removed in the future. Please use `use_textline_orientation` instead.
  self.ocr = PaddleOCR(use_angle_cls=True, lang="ch", show_log=False)
/Users/song/Projects/check_chat_system/SmartCS_Desktop/smart-cs-pro/core_engine/engine.py:254: DeprecationWarning: The parameter `use_angle_cls` has been deprecated and will be removed in the future. Please use `use_textline_orientation` instead.
  self.ocr = PaddleOCR(use_angle_cls=True, lang="ch", show_log=False)
/Users/song/Projects/check_chat_system/SmartCS_Desktop/smart-cs-pro/core_engine/engine.py:254: DeprecationWarning: The parameter `use_angle_cls` has been deprecated and will be removed in the future. Please use `use_textline_orientation` instead.
  self.ocr = PaddleOCR(use_angle_cls=True, lang="ch", show_log=False)
/Users/song/Projects/check_chat_system/SmartCS_Desktop/smart-cs-pro/core_engine/engine.py:254: DeprecationWarning: The parameter `use_angle_cls` has been deprecated and will be removed in the future. Please use `use_textline_orientation` instead.
  self.ocr = PaddleOCR(use_angle_cls=True, lang="ch", show_log=False)
/Users/song/Projects/check_chat_system/SmartCS_Desktop/smart-cs-pro/core_engine/engine.py:254: DeprecationWarning: The parameter `use_angle_cls` has been deprecated and will be removed in the future. Please use `use_textline_orientation` instead.
  self.ocr = PaddleOCR(use_angle_cls=True, lang="ch", show_log=False)
/Users/song/Projects/check_chat_system/SmartCS_Desktop/smart-cs-pro/core_engine/engine.py:254: DeprecationWarning: The parameter `use_angle_cls` has been deprecated and will be removed in the future. Please use `use_textline_orientation` instead.
  self.ocr = PaddleOCR(use_angle_cls=True, lang="ch", show_log=False)
/Users/song/Projects/check_chat_system/SmartCS_Desktop/smart-cs-pro/core_engine/engine.py:254: DeprecationWarning: The parameter `use_angle_cls` has been deprecated and will be removed in the future. Please use `use_textline_orientation` instead.
  self.ocr = PaddleOCR(use_angle_cls=True, lang="ch", show_log=False)
/Users/song/Projects/check_chat_system/SmartCS_Desktop/smart-cs-pro/core_engine/engine.py:254: DeprecationWarning: The parameter `use_angle_cls` has been deprecated and will be removed in the future. Please use `use_textline_orientation` instead.
  self.ocr = PaddleOCR(use_angle_cls=True, lang="ch", show_log=False)
/Users/song/Projects/check_chat_system/SmartCS_Desktop/smart-cs-pro/core_engine/engine.py:254: DeprecationWarning: The parameter `use_angle_cls` has been deprecated and will be removed in the future. Please use `use_textline_orientation` instead.
  self.ocr = PaddleOCR(use_angle_cls=True, lang="ch", show_log=False)
/Users/song/Projects/check_chat_system/SmartCS_Desktop/smart-cs-pro/core_engine/engine.py:254: DeprecationWarning: The parameter `use_angle_cls` has been deprecated and will be removed in the future. Please use `use_textline_orientation` instead.
  self.ocr = PaddleOCR(use_angle_cls=True, lang="ch", show_log=False)
/Users/song/Projects/check_chat_system/SmartCS_Desktop/smart-cs-pro/core_engine/engine.py:254: DeprecationWarning: The parameter `use_angle_cls` has been deprecated and will be removed in the future. Please use `use_textline_orientation` instead.
  self.ocr = PaddleOCR(use_angle_cls=True, lang="ch", show_log=False)
/Users/song/Projects/check_chat_system/SmartCS_Desktop/smart-cs-pro/core_engine/engine.py:254: DeprecationWarning: The parameter `use_angle_cls` has been deprecated and will be removed in the future. Please use `use_textline_orientation` instead.
  self.ocr = PaddleOCR(use_angle_cls=True, lang="ch", show_log=False)
/Users/song/Projects/check_chat_system/SmartCS_Desktop/smart-cs-pro/core_engine/engine.py:254: DeprecationWarning: The parameter `use_angle_cls` has been deprecated and will be removed in the future. Please use `use_textline_orientation` instead.
  self.ocr = PaddleOCR(use_angle_cls=True, lang="ch", show_log=False)
/Users/song/Projects/check_chat_system/SmartCS_Desktop/smart-cs-pro/core_engine/engine.py:254: DeprecationWarning: The parameter `use_angle_cls` has been deprecated and will be removed in the future. Please use `use_textline_orientation` instead.
  self.ocr = PaddleOCR(use_angle_cls=True, lang="ch", show_log=False)
/Users/song/Projects/check_chat_system/SmartCS_Desktop/smart-cs-pro/core_engine/engine.py:254: DeprecationWarning: The parameter `use_angle_cls` has been deprecated and will be removed in the future. Please use `use_textline_orientation` instead.
  self.ocr = PaddleOCR(use_angle_cls=True, lang="ch", show_log=False)
/Users/song/Projects/check_chat_system/SmartCS_Desktop/smart-cs-pro/core_engine/engine.py:254: DeprecationWarning: The parameter `use_angle_cls` has been deprecated and will be removed in the future. Please use `use_textline_orientation` instead.
  self.ocr = PaddleOCR(use_angle_cls=True, lang="ch", show_log=False)
/Users/song/Projects/check_chat_system/SmartCS_Desktop/smart-cs-pro/core_engine/engine.py:254: DeprecationWarning: The parameter `use_angle_cls` has been deprecated and will be removed in the future. Please use `use_textline_orientation` instead.
  self.ocr = PaddleOCR(use_angle_cls=True, lang="ch", show_log=False)
/Users/song/Projects/check_chat_system/SmartCS_Desktop/smart-cs-pro/core_engine/engine.py:254: DeprecationWarning: The parameter `use_angle_cls` has been deprecated and will be removed in the future. Please use `use_textline_orientation` instead.
  self.ocr = PaddleOCR(use_angle_cls=True, lang="ch", show_log=False)
/Users/song/Projects/check_chat_system/SmartCS_Desktop/smart-cs-pro/core_engine/engine.py:254: DeprecationWarning: The parameter `use_angle_cls` has been deprecated and will be removed in the future. Please use `use_textline_orientation` instead.
  self.ocr = PaddleOCR(use_angle_cls=True, lang="ch", show_log=False)
/Users/song/Projects/check_chat_system/SmartCS_Desktop/smart-cs-pro/core_engine/engine.py:254: DeprecationWarning: The parameter `use_angle_cls` has been deprecated and will be removed in the future. Please use `use_textline_orientation` instead.
  self.ocr = PaddleOCR(use_angle_cls=True, lang="ch", show_log=False)
/Users/song/Projects/check_chat_system/SmartCS_Desktop/smart-cs-pro/core_engine/engine.py:254: DeprecationWarning: The parameter `use_angle_cls` has been deprecated and will be removed in the future. Please use `use_textline_orientation` instead.
  self.ocr = PaddleOCR(use_angle_cls=True, lang="ch", show_log=False)
/Users/song/Projects/check_chat_system/SmartCS_Desktop/smart-cs-pro/core_engine/engine.py:254: DeprecationWarning: The parameter `use_angle_cls` has been deprecated and will be removed in the future. Please use `use_textline_orientation` instead.
  self.ocr = PaddleOCR(use_angle_cls=True, lang="ch", show_log=False)
/Users/song/Projects/check_chat_system/SmartCS_Desktop/smart-cs-pro/core_engine/engine.py:254: DeprecationWarning: The parameter `use_angle_cls` has been deprecated and will be removed in the future. Please use `use_textline_orientation` instead.
  self.ocr = PaddleOCR(use_angle_cls=True, lang="ch", show_log=False)
/Users/song/Projects/check_chat_system/SmartCS_Desktop/smart-cs-pro/core_engine/engine.py:254: DeprecationWarning: The parameter `use_angle_cls` has been deprecated and will be removed in the future. Please use `use_textline_orientation` instead.
  self.ocr = PaddleOCR(use_angle_cls=True, lang="ch", show_log=False)
/Users/song/Projects/check_chat_system/SmartCS_Desktop/smart-cs-pro/core_engine/engine.py:254: DeprecationWarning: The parameter `use_angle_cls` has been deprecated and will be removed in the future. Please use `use_textline_orientation` instead.
  self.ocr = PaddleOCR(use_angle_cls=True, lang="ch", show_log=False)
/Users/song/Projects/check_chat_system/SmartCS_Desktop/smart-cs-pro/core_engine/engine.py:254: DeprecationWarning: The parameter `use_angle_cls` has been deprecated and will be removed in the future. Please use `use_textline_orientation` instead.
  self.ocr = PaddleOCR(use_angle_cls=True, lang="ch", show_log=False)
/Users/song/Projects/check_chat_system/SmartCS_Desktop/smart-cs-pro/core_engine/engine.py:254: DeprecationWarning: The parameter `use_angle_cls` has been deprecated and will be removed in the future. Please use `use_textline_orientation` instead.
  self.ocr = PaddleOCR(use_angle_cls=True, lang="ch", show_log=False)
/Users/song/Projects/check_chat_system/SmartCS_Desktop/smart-cs-pro/core_engine/engine.py:254: DeprecationWarning: The parameter `use_angle_cls` has been deprecated and will be removed in the future. Please use `use_textline_orientation` instead.
  self.ocr = PaddleOCR(use_angle_cls=True, lang="ch", show_log=False)
/Users/song/Projects/check_chat_system/SmartCS_Desktop/smart-cs-pro/core_engine/engine.py:254: DeprecationWarning: The parameter `use_angle_cls` has been deprecated and will be removed in the future. Please use `use_textline_orientation` instead.
  self.ocr = PaddleOCR(use_angle_cls=True, lang="ch", show_log=False)
/Users/song/Projects/check_chat_system/SmartCS_Desktop/smart-cs-pro/core_engine/engine.py:254: DeprecationWarning: The parameter `use_angle_cls` has been deprecated and will be removed in the future. Please use `use_textline_orientation` instead.
  self.ocr = PaddleOCR(use_angle_cls=True, lang="ch", show_log=False)
/Users/song/Projects/check_chat_system/SmartCS_Desktop/smart-cs-pro/core_engine/engine.py:254: DeprecationWarning: The parameter `use_angle_cls` has been deprecated and will be removed in the future. Please use `use_textline_orientation` instead.
  self.ocr = PaddleOCR(use_angle_cls=True, lang="ch", show_log=False)
/Users/song/Projects/check_chat_system/SmartCS_Desktop/smart-cs-pro/core_engine/engine.py:254: DeprecationWarning: The parameter `use_angle_cls` has been deprecated and will be removed in the future. Please use `use_textline_orientation` instead.
  self.ocr = PaddleOCR(use_angle_cls=True, lang="ch", show_log=False)
/Users/song/Projects/check_chat_system/SmartCS_Desktop/smart-cs-pro/core_engine/engine.py:254: DeprecationWarning: The parameter `use_angle_cls` has been deprecated and will be removed in the future. Please use `use_textline_orientation` instead.
  self.ocr = PaddleOCR(use_angle_cls=True, lang="ch", show_log=False)
/Users/song/Projects/check_chat_system/SmartCS_Desktop/smart-cs-pro/core_engine/engine.py:254: DeprecationWarning: The parameter `use_angle_cls` has been deprecated and will be removed in the future. Please use `use_textline_orientation` instead.
  self.ocr = PaddleOCR(use_angle_cls=True, lang="ch", show_log=False)
/Users/song/Projects/check_chat_system/SmartCS_Desktop/smart-cs-pro/core_engine/engine.py:254: DeprecationWarning: The parameter `use_angle_cls` has been deprecated and will be removed in the future. Please use `use_textline_orientation` instead.
  self.ocr = PaddleOCR(use_angle_cls=True, lang="ch", show_log=False)
/Users/song/Projects/check_chat_system/SmartCS_Desktop/smart-cs-pro/core_engine/engine.py:254: DeprecationWarning: The parameter `use_angle_cls` has been deprecated and will be removed in the future. Please use `use_textline_orientation` instead.
  self.ocr = PaddleOCR(use_angle_cls=True, lang="ch", show_log=False)
/Users/song/Projects/check_chat_system/SmartCS_Desktop/smart-cs-pro/core_engine/engine.py:254: DeprecationWarning: The parameter `use_angle_cls` has been deprecated and will be removed in the future. Please use `use_textline_orientation` instead.
  self.ocr = PaddleOCR(use_angle_cls=True, lang="ch", show_log=False)
/Users/song/Projects/check_chat_system/SmartCS_Desktop/smart-cs-pro/core_engine/engine.py:254: DeprecationWarning: The parameter `use_angle_cls` has been deprecated and will be removed in the future. Please use `use_textline_orientation` instead.
  self.ocr = PaddleOCR(use_angle_cls=True, lang="ch", show_log=False)
/Users/song/Projects/check_chat_system/SmartCS_Desktop/smart-cs-pro/core_engine/engine.py:254: DeprecationWarning: The parameter `use_angle_cls` has been deprecated and will be removed in the future. Please use `use_textline_orientation` instead.
  self.ocr = PaddleOCR(use_angle_cls=True, lang="ch", show_log=False)
/Users/song/Projects/check_chat_system/SmartCS_Desktop/smart-cs-pro/core_engine/engine.py:254: DeprecationWarning: The parameter `use_angle_cls` has been deprecated and will be removed in the future. Please use `use_textline_orientation` instead.
  self.ocr = PaddleOCR(use_angle_cls=True, lang="ch", show_log=False)
/Users/song/Projects/check_chat_system/SmartCS_Desktop/smart-cs-pro/core_engine/engine.py:254: DeprecationWarning: The parameter `use_angle_cls` has been deprecated and will be removed in the future. Please use `use_textline_orientation` instead.
  self.ocr = PaddleOCR(use_angle_cls=True, lang="ch", show_log=False)
/Users/song/Projects/check_chat_system/SmartCS_Desktop/smart-cs-pro/core_engine/engine.py:254: DeprecationWarning: The parameter `use_angle_cls` has been deprecated and will be removed in the future. Please use `use_textline_orientation` instead.
  self.ocr = PaddleOCR(use_angle_cls=True, lang="ch", show_log=False)
/Users/song/Projects/check_chat_system/SmartCS_Desktop/smart-cs-pro/core_engine/engine.py:254: DeprecationWarning: The parameter `use_angle_cls` has been deprecated and will be removed in the future. Please use `use_textline_orientation` instead.
  self.ocr = PaddleOCR(use_angle_cls=True, lang="ch", show_log=False)
/Users/song/Projects/check_chat_system/SmartCS_Desktop/smart-cs-pro/core_engine/engine.py:254: DeprecationWarning: The parameter `use_angle_cls` has been deprecated and will be removed in the future. Please use `use_textline_orientation` instead.
  self.ocr = PaddleOCR(use_angle_cls=True, lang="ch", show_log=False)
/Users/song/Projects/check_chat_system/SmartCS_Desktop/smart-cs-pro/core_engine/engine.py:254: DeprecationWarning: The parameter `use_angle_cls` has been deprecated and will be removed in the future. Please use `use_textline_orientation` instead.
  self.ocr = PaddleOCR(use_angle_cls=True, lang="ch", show_log=False)
/Users/song/Projects/check_chat_system/SmartCS_Desktop/smart-cs-pro/core_engine/engine.py:254: DeprecationWarning: The parameter `use_angle_cls` has been deprecated and will be removed in the future. Please use `use_textline_orientation` instead.
  self.ocr = PaddleOCR(use_angle_cls=True, lang="ch", show_log=False)
/Users/song/Projects/check_chat_system/SmartCS_Desktop/smart-cs-pro/core_engine/engine.py:254: DeprecationWarning: The parameter `use_angle_cls` has been deprecated and will be removed in the future. Please use `use_textline_orientation` instead.
  self.ocr = PaddleOCR(use_angle_cls=True, lang="ch", show_log=False)
/Users/song/Projects/check_chat_system/SmartCS_Desktop/smart-cs-pro/core_engine/engine.py:254: DeprecationWarning: The parameter `use_angle_cls` has been deprecated and will be removed in the future. Please use `use_textline_orientation` instead.
  self.ocr = PaddleOCR(use_angle_cls=True, lang="ch", show_log=False)
/Users/song/Projects/check_chat_system/SmartCS_Desktop/smart-cs-pro/core_engine/engine.py:254: DeprecationWarning: The parameter `use_angle_cls` has been deprecated and will be removed in the future. Please use `use_textline_orientation` instead.
  self.ocr = PaddleOCR(use_angle_cls=True, lang="ch", show_log=False)
/Users/song/Projects/check_chat_system/SmartCS_Desktop/smart-cs-pro/core_engine/engine.py:254: DeprecationWarning: The parameter `use_angle_cls` has been deprecated and will be removed in the future. Please use `use_textline_orientation` instead.
  self.ocr = PaddleOCR(use_angle_cls=True, lang="ch", show_log=False)
/Users/song/Projects/check_chat_system/SmartCS_Desktop/smart-cs-pro/core_engine/engine.py:254: DeprecationWarning: The parameter `use_angle_cls` has been deprecated and will be removed in the future. Please use `use_textline_orientation` instead.
  self.ocr = PaddleOCR(use_angle_cls=True, lang="ch", show_log=False)
